<?xml version="1.0" encoding="UTF-8"?>
<!-- Generated by org.testng.reporters.JUnitXMLReporter -->
<testsuite ignored="0" hostname="DESKTOP-9LHM7R0" failures="0" tests="6" name="ss" time="4.328" errors="0" timestamp="2024-02-22T16:51:14 CST">
  <testcase classname="combat.Basics" name="a" time="1.43"/>
  <testcase classname="combat.Basics" name="a" time="0.929"/>
  <testcase classname="combat.Basics" name="a" time="0.269"/>
  <testcase classname="combat.Basics" name="a" time="0.194"/>
  <testcase classname="combat.Basics" name="a" time="0.779"/>
  <testcase classname="combat.Basics" name="a" time="0.459"/>
</testsuite> <!-- ss -->
