<?xml version="1.0" encoding="UTF-8"?>
<!-- Generated by org.testng.reporters.JUnitXMLReporter -->
<testsuite ignored="0" hostname="DESKTOP-9LHM7R0" failures="3" tests="9" name="ss" time="4.027" errors="0" timestamp="2024-02-21T23:34:42 CST">
  <testcase classname="combat.Basics" name="a" time="1.112"/>
  <testcase classname="combat.Basics" name="a" time="0.529">
    <failure type="java.lang.AssertionError" message="The following asserts failed:
	(测试员：涂强)-(用例编号：2)-(用例名称：测试首页正确返回)-和预期结果不一致 expected [true] but found [false]">
      <![CDATA[java.lang.AssertionError: The following asserts failed:
(测试员：涂强)-(用例编号：2)-(用例名称：测试首页正确返回)-和预期结果不一致 expected [true] but found [false]
at combat.Basics.a(Basics.java:54)
at java.base/java.util.ArrayList.forEach(ArrayList.java:1511)
... Removed 35 stack frames]]>
    </failure>
  </testcase> <!-- a -->
  <testcase classname="combat.Basics" name="a" time="0.253"/>
  <testcase classname="combat.Basics" name="a" time="0.431"/>
  <testcase classname="combat.Basics" name="a" time="0.4">
    <failure type="java.lang.AssertionError" message="The following asserts failed:
	(测试员：涂强)-(用例编号：2)-(用例名称：测试首页正确返回)-和预期结果不一致 expected [true] but found [false]">
      <![CDATA[java.lang.AssertionError: The following asserts failed:
(测试员：涂强)-(用例编号：2)-(用例名称：测试首页正确返回)-和预期结果不一致 expected [true] but found [false]
at combat.Basics.a(Basics.java:54)
at java.base/java.util.ArrayList.forEach(ArrayList.java:1511)
... Removed 35 stack frames]]>
    </failure>
  </testcase> <!-- a -->
  <testcase classname="combat.Basics" name="a" time="0.211"/>
  <testcase classname="combat.Basics" name="a" time="0.196"/>
  <testcase classname="combat.Basics" name="a" time="0.21">
    <failure type="java.lang.AssertionError" message="The following asserts failed:
	(测试员：涂强)-(用例编号：2)-(用例名称：测试首页正确返回)-和预期结果不一致 expected [true] but found [false]">
      <![CDATA[java.lang.AssertionError: The following asserts failed:
(测试员：涂强)-(用例编号：2)-(用例名称：测试首页正确返回)-和预期结果不一致 expected [true] but found [false]
at combat.Basics.a(Basics.java:54)
at java.base/java.util.ArrayList.forEach(ArrayList.java:1511)
... Removed 35 stack frames]]>
    </failure>
  </testcase> <!-- a -->
  <testcase classname="combat.Basics" name="a" time="0.303"/>
</testsuite> <!-- ss -->
