<?xml version="1.0" encoding="UTF-8"?>
<testng-results ignored="0" total="6" passed="6" failed="0" skipped="0">
  <reporter-output>
  </reporter-output>
  <suite started-at="2024-02-22T16:51:10 CST" name="test" finished-at="2024-02-22T16:51:14 CST" duration-ms="4328">
    <groups>
    </groups>
    <test started-at="2024-02-22T16:51:10 CST" name="ss" finished-at="2024-02-22T16:51:14 CST" duration-ms="4328">
      <class name="combat.Basics">
        <test-method signature="a(java.lang.String,java.lang.String,java.lang.String,java.lang.String,java.lang.String,java.lang.String,java.lang.String,java.lang.String,java.lang.String,java.lang.String,java.lang.String)[pri:0, instance:combat.Basics@4d339552]" started-at="2024-02-22T16:51:10 CST" name="a" data-provider="a" finished-at="2024-02-22T16:51:12 CST" duration-ms="1430" status="PASS">
          <params>
            <param index="0">
              <value>
                <![CDATA[1]]>
              </value>
            </param>
            <param index="1">
              <value>
                <![CDATA[涂强]]>
              </value>
            </param>
            <param index="2">
              <value>
                <![CDATA[测试首页正确返回]]>
              </value>
            </param>
            <param index="3">
              <value>
                <![CDATA[http://192.168.1.11:1080/WebTours/]]>
              </value>
            </param>
            <param index="4">
              <value>
                <![CDATA[update tu_httptest set age=1 where id=4]]>
              </value>
            </param>
            <param index="5">
              <value>
                <![CDATA[get]]>
              </value>
            </param>
            <param index="6">
              <value>
                <![CDATA[]]>
              </value>
            </param>
            <param index="7">
              <value>
                <![CDATA[]]>
              </value>
            </param>
            <param index="8">
              <value>
                <![CDATA[]]>
              </value>
            </param>
            <param index="9">
              <value>
                <![CDATA[200]]>
              </value>
            </param>
            <param index="10">
              <value>
                <![CDATA[frame name="body" src=welcome.pl?signOff=true]]>
              </value>
            </param>
          </params>
          <reporter-output>
          </reporter-output>
        </test-method> <!-- a -->
        <test-method signature="a(java.lang.String,java.lang.String,java.lang.String,java.lang.String,java.lang.String,java.lang.String,java.lang.String,java.lang.String,java.lang.String,java.lang.String,java.lang.String)[pri:0, instance:combat.Basics@4d339552]" started-at="2024-02-22T16:51:12 CST" name="a" data-provider="a" finished-at="2024-02-22T16:51:13 CST" duration-ms="929" status="PASS">
          <params>
            <param index="0">
              <value>
                <![CDATA[3]]>
              </value>
            </param>
            <param index="1">
              <value>
                <![CDATA[涂强]]>
              </value>
            </param>
            <param index="2">
              <value>
                <![CDATA[测试首页正确返回]]>
              </value>
            </param>
            <param index="3">
              <value>
                <![CDATA[http://192.168.1.11:1080/WebTours/]]>
              </value>
            </param>
            <param index="4">
              <value>
                <![CDATA[update tu_httptest set age=3 where id=4]]>
              </value>
            </param>
            <param index="5">
              <value>
                <![CDATA[get]]>
              </value>
            </param>
            <param index="6">
              <value>
                <![CDATA[]]>
              </value>
            </param>
            <param index="7">
              <value>
                <![CDATA[]]>
              </value>
            </param>
            <param index="8">
              <value>
                <![CDATA[]]>
              </value>
            </param>
            <param index="9">
              <value>
                <![CDATA[200]]>
              </value>
            </param>
            <param index="10">
              <value>
                <![CDATA[frame name="body" src=welcome.pl?signOff=true]]>
              </value>
            </param>
          </params>
          <reporter-output>
          </reporter-output>
        </test-method> <!-- a -->
        <test-method signature="a(java.lang.String,java.lang.String,java.lang.String,java.lang.String,java.lang.String,java.lang.String,java.lang.String,java.lang.String,java.lang.String,java.lang.String,java.lang.String)[pri:0, instance:combat.Basics@4d339552]" started-at="2024-02-22T16:51:13 CST" name="a" data-provider="a" finished-at="2024-02-22T16:51:13 CST" duration-ms="269" status="PASS">
          <params>
            <param index="0">
              <value>
                <![CDATA[1]]>
              </value>
            </param>
            <param index="1">
              <value>
                <![CDATA[涂强]]>
              </value>
            </param>
            <param index="2">
              <value>
                <![CDATA[测试首页正确返回]]>
              </value>
            </param>
            <param index="3">
              <value>
                <![CDATA[http://192.168.1.11:1080/WebTours/]]>
              </value>
            </param>
            <param index="4">
              <value>
                <![CDATA[update tu_httptest set age=1 where id=4]]>
              </value>
            </param>
            <param index="5">
              <value>
                <![CDATA[get]]>
              </value>
            </param>
            <param index="6">
              <value>
                <![CDATA[]]>
              </value>
            </param>
            <param index="7">
              <value>
                <![CDATA[]]>
              </value>
            </param>
            <param index="8">
              <value>
                <![CDATA[]]>
              </value>
            </param>
            <param index="9">
              <value>
                <![CDATA[200]]>
              </value>
            </param>
            <param index="10">
              <value>
                <![CDATA[frame name="body" src=welcome.pl?signOff=true]]>
              </value>
            </param>
          </params>
          <reporter-output>
          </reporter-output>
        </test-method> <!-- a -->
        <test-method signature="a(java.lang.String,java.lang.String,java.lang.String,java.lang.String,java.lang.String,java.lang.String,java.lang.String,java.lang.String,java.lang.String,java.lang.String,java.lang.String)[pri:0, instance:combat.Basics@4d339552]" started-at="2024-02-22T16:51:13 CST" name="a" data-provider="a" finished-at="2024-02-22T16:51:13 CST" duration-ms="194" status="PASS">
          <params>
            <param index="0">
              <value>
                <![CDATA[3]]>
              </value>
            </param>
            <param index="1">
              <value>
                <![CDATA[涂强]]>
              </value>
            </param>
            <param index="2">
              <value>
                <![CDATA[测试首页正确返回]]>
              </value>
            </param>
            <param index="3">
              <value>
                <![CDATA[http://192.168.1.11:1080/WebTours/]]>
              </value>
            </param>
            <param index="4">
              <value>
                <![CDATA[update tu_httptest set age=3 where id=4]]>
              </value>
            </param>
            <param index="5">
              <value>
                <![CDATA[get]]>
              </value>
            </param>
            <param index="6">
              <value>
                <![CDATA[]]>
              </value>
            </param>
            <param index="7">
              <value>
                <![CDATA[]]>
              </value>
            </param>
            <param index="8">
              <value>
                <![CDATA[]]>
              </value>
            </param>
            <param index="9">
              <value>
                <![CDATA[200]]>
              </value>
            </param>
            <param index="10">
              <value>
                <![CDATA[frame name="body" src=welcome.pl?signOff=true]]>
              </value>
            </param>
          </params>
          <reporter-output>
          </reporter-output>
        </test-method> <!-- a -->
        <test-method signature="a(java.lang.String,java.lang.String,java.lang.String,java.lang.String,java.lang.String,java.lang.String,java.lang.String,java.lang.String,java.lang.String,java.lang.String,java.lang.String)[pri:0, instance:combat.Basics@4d339552]" started-at="2024-02-22T16:51:13 CST" name="a" data-provider="a" finished-at="2024-02-22T16:51:14 CST" duration-ms="779" status="PASS">
          <params>
            <param index="0">
              <value>
                <![CDATA[1]]>
              </value>
            </param>
            <param index="1">
              <value>
                <![CDATA[涂强]]>
              </value>
            </param>
            <param index="2">
              <value>
                <![CDATA[测试首页正确返回]]>
              </value>
            </param>
            <param index="3">
              <value>
                <![CDATA[http://192.168.1.11:1080/WebTours/]]>
              </value>
            </param>
            <param index="4">
              <value>
                <![CDATA[update tu_httptest set age=1 where id=4]]>
              </value>
            </param>
            <param index="5">
              <value>
                <![CDATA[get]]>
              </value>
            </param>
            <param index="6">
              <value>
                <![CDATA[]]>
              </value>
            </param>
            <param index="7">
              <value>
                <![CDATA[]]>
              </value>
            </param>
            <param index="8">
              <value>
                <![CDATA[]]>
              </value>
            </param>
            <param index="9">
              <value>
                <![CDATA[200]]>
              </value>
            </param>
            <param index="10">
              <value>
                <![CDATA[frame name="body" src=welcome.pl?signOff=true]]>
              </value>
            </param>
          </params>
          <reporter-output>
          </reporter-output>
        </test-method> <!-- a -->
        <test-method signature="a(java.lang.String,java.lang.String,java.lang.String,java.lang.String,java.lang.String,java.lang.String,java.lang.String,java.lang.String,java.lang.String,java.lang.String,java.lang.String)[pri:0, instance:combat.Basics@4d339552]" started-at="2024-02-22T16:51:14 CST" name="a" data-provider="a" finished-at="2024-02-22T16:51:14 CST" duration-ms="459" status="PASS">
          <params>
            <param index="0">
              <value>
                <![CDATA[3]]>
              </value>
            </param>
            <param index="1">
              <value>
                <![CDATA[涂强]]>
              </value>
            </param>
            <param index="2">
              <value>
                <![CDATA[测试首页正确返回]]>
              </value>
            </param>
            <param index="3">
              <value>
                <![CDATA[http://192.168.1.11:1080/WebTours/]]>
              </value>
            </param>
            <param index="4">
              <value>
                <![CDATA[update tu_httptest set age=3 where id=4]]>
              </value>
            </param>
            <param index="5">
              <value>
                <![CDATA[get]]>
              </value>
            </param>
            <param index="6">
              <value>
                <![CDATA[]]>
              </value>
            </param>
            <param index="7">
              <value>
                <![CDATA[]]>
              </value>
            </param>
            <param index="8">
              <value>
                <![CDATA[]]>
              </value>
            </param>
            <param index="9">
              <value>
                <![CDATA[200]]>
              </value>
            </param>
            <param index="10">
              <value>
                <![CDATA[frame name="body" src=welcome.pl?signOff=true]]>
              </value>
            </param>
          </params>
          <reporter-output>
          </reporter-output>
        </test-method> <!-- a -->
        <test-method is-config="true" signature="b()[pri:0, instance:combat.Basics@4d339552]" started-at="2024-02-22T16:51:14 CST" name="b" finished-at="2024-02-22T16:51:14 CST" duration-ms="27" status="PASS">
          <reporter-output>
          </reporter-output>
        </test-method> <!-- b -->
      </class> <!-- combat.Basics -->
    </test> <!-- ss -->
  </suite> <!-- test -->
</testng-results>
